<?xml version="1.0" encoding="UTF-8"?>
<testsuite name="TestLengthCounter" tests="2" skipped="0" failures="0" errors="0" timestamp="2020-10-02T21:15:04" hostname="DESKTOP-V1UNJ7J" time="0.036">
  <properties/>
  <testcase name="testCount" classname="TestLengthCounter" time="0.011"/>
  <testcase name="testCountFromFile" classname="TestLengthCounter" time="0.021"/>
  <system-out><![CDATA[]]></system-out>
  <system-err><![CDATA[]]></system-err>
</testsuite>
